<?xml version="1.0" encoding="UTF-8" ?>
<testsuite failures="0" time="3.986" errors="0" skipped="0" tests="3" name="com.mycompany.greeting.GreetingModuleTest">
  <properties>
[...]
</properties>
  <testcase time="2.157" classname="com.mycompany.greeting.GreetingModuleTest" name="testHelloFlow"/>
  <testcase time="0.791" classname="com.mycompany.greeting.GreetingModuleTest" name="testGoodbyeFlow"/>
  <testcase time="0.877" classname="com.mycompany.greeting.GreetingModuleTest" name="testGoAwayFlow"/>
</testsuite>